<?xml version="1.0" encoding="UTF-8"?>
<!-- Generated by org.testng.reporters.JUnitReportReporter -->
<testsuite hostname="NIkhil-Boriwale.local" failures="0" tests="1" name="com.PackageTestNG.verifyPageTitleinSelenium" time="35.012" errors="0" timestamp="22 Jan 2019 15:59:34 GMT" skipped="0">
  <testcase classname="com.PackageTestNG.verifyPageTitleinSelenium" name="verifyapplicationtitle" time="35.012"/>
</testsuite> <!-- com.PackageTestNG.verifyPageTitleinSelenium -->
