<?xml version="1.0" encoding="UTF-8"?>
<!-- Generated by org.testng.reporters.JUnitReportReporter -->
<testsuite skipped="0" hostname="NIkhil-Boriwale.local" name="com.PackageTestNG.mytest" tests="3" failures="0" timestamp="21 Jan 2019 17:41:42 GMT" time="0.029" errors="0">
  <testcase name="loginApplication" time="0.023" classname="com.PackageTestNG.mytest"/>
  <testcase name="Selecteditem" time="0.004" classname="com.PackageTestNG.mytest"/>
  <testcase name="checkout" time="0.002" classname="com.PackageTestNG.mytest"/>
</testsuite> <!-- com.PackageTestNG.mytest -->
